<?xml version="1.0" encoding="UTF-8"?>
<!-- Generated by org.testng.reporters.JUnitReportReporter -->
<testsuite skipped="0" hostname="Ravikirans-MBP" name="com.ravikiran.CukesProject.AppTest" tests="1" failures="0" timestamp="25 Oct 2020 09:40:07 GMT" time="0.003" errors="0">
  <testcase name="testApp" time="0.003" classname="com.ravikiran.CukesProject.AppTest"/>
</testsuite> <!-- com.ravikiran.CukesProject.AppTest -->
